2017-06-01 13:46:23,989 logging_class.py[line:46] INFO 广告management/ad/group?labels=report
2017-06-01 13:46:28,463 logging_class.py[line:46] INFO 获取答疑明星user/top_activity_users
2017-06-01 13:46:28,463 logging_class.py[line:46] INFO 获取答疑明星user/top_activity_users
2017-06-01 13:46:28,802 logging_class.py[line:46] INFO 获取未解决提问postCommon/college/search?express=QA&resolved=false
2017-06-01 13:46:28,802 logging_class.py[line:46] INFO 获取未解决提问postCommon/college/search?express=QA&resolved=false
2017-06-01 13:46:28,802 logging_class.py[line:46] INFO 获取未解决提问postCommon/college/search?express=QA&resolved=false
2017-06-01 13:46:31,962 logging_class.py[line:46] INFO 获取已解决提问qa/7515dec3-3668-4020-9777-9d5524bf89b9/followed_qa
2017-06-01 13:46:31,962 logging_class.py[line:46] INFO 获取已解决提问qa/7515dec3-3668-4020-9777-9d5524bf89b9/followed_qa
2017-06-01 13:46:31,962 logging_class.py[line:46] INFO 获取已解决提问qa/7515dec3-3668-4020-9777-9d5524bf89b9/followed_qa
2017-06-01 13:46:31,962 logging_class.py[line:46] INFO 获取已解决提问qa/7515dec3-3668-4020-9777-9d5524bf89b9/followed_qa
2017-06-01 13:46:34,448 logging_class.py[line:46] INFO 获取关注的提问qa/7515dec3-3668-4020-9777-9d5524bf89b9/followed_qa
2017-06-01 13:46:34,448 logging_class.py[line:46] INFO 获取关注的提问qa/7515dec3-3668-4020-9777-9d5524bf89b9/followed_qa
2017-06-01 13:46:34,448 logging_class.py[line:46] INFO 获取关注的提问qa/7515dec3-3668-4020-9777-9d5524bf89b9/followed_qa
2017-06-01 13:46:34,448 logging_class.py[line:46] INFO 获取关注的提问qa/7515dec3-3668-4020-9777-9d5524bf89b9/followed_qa
2017-06-01 13:46:34,448 logging_class.py[line:46] INFO 获取关注的提问qa/7515dec3-3668-4020-9777-9d5524bf89b9/followed_qa
2017-06-01 13:46:36,965 logging_class.py[line:46] INFO 获取关注的板块tpoint/followed/7515dec3-3668-4020-9777-9d5524bf89b9/qa
2017-06-01 13:46:36,965 logging_class.py[line:46] INFO 获取关注的板块tpoint/followed/7515dec3-3668-4020-9777-9d5524bf89b9/qa
2017-06-01 13:46:36,965 logging_class.py[line:46] INFO 获取关注的板块tpoint/followed/7515dec3-3668-4020-9777-9d5524bf89b9/qa
2017-06-01 13:46:36,965 logging_class.py[line:46] INFO 获取关注的板块tpoint/followed/7515dec3-3668-4020-9777-9d5524bf89b9/qa
2017-06-01 13:46:36,965 logging_class.py[line:46] INFO 获取关注的板块tpoint/followed/7515dec3-3668-4020-9777-9d5524bf89b9/qa
2017-06-01 13:46:36,965 logging_class.py[line:46] INFO 获取关注的板块tpoint/followed/7515dec3-3668-4020-9777-9d5524bf89b9/qa
2017-06-01 13:46:37,594 logging_class.py[line:46] INFO 获取提问页右侧技术标签tpoint/qa/top_navigation
2017-06-01 13:46:37,594 logging_class.py[line:46] INFO 获取提问页右侧技术标签tpoint/qa/top_navigation
2017-06-01 13:46:37,594 logging_class.py[line:46] INFO 获取提问页右侧技术标签tpoint/qa/top_navigation
2017-06-01 13:46:37,594 logging_class.py[line:46] INFO 获取提问页右侧技术标签tpoint/qa/top_navigation
2017-06-01 13:46:37,594 logging_class.py[line:46] INFO 获取提问页右侧技术标签tpoint/qa/top_navigation
2017-06-01 13:46:37,594 logging_class.py[line:46] INFO 获取提问页右侧技术标签tpoint/qa/top_navigation
2017-06-01 13:46:37,594 logging_class.py[line:46] INFO 获取提问页右侧技术标签tpoint/qa/top_navigation
